commit 68a0e573d5ea46fc7f0cd1afda7530a240eaae29
Merge: d213366 3f20baf
Author: Thomas Tornevall <thorne@tornevall.net>
Date:   Tue Feb 10 21:06:37 2026 +0100

    Merge pull request #31 from Tornevall/30
    
    Close #30

commit 3f20baf59d1522444f56a3beeaec67f52662c0ec
Author: Tomas Tornevall <thorne@tornevall.net>
Date:   Tue Feb 10 21:05:36 2026 +0100

    Close #30

commit d213366e591027ef7fbf8b79c29c44819a0ee598
Merge: 34c8b65 eddf2e0
Author: Thomas Tornevall <thorne@tornevall.net>
Date:   Tue Feb 10 20:30:33 2026 +0100

    Merge pull request #29 from Tornevall/28
    
    Close #28

commit eddf2e042237bf87f5eb74a69ed757e4a6bf2456
Author: Tomas Tornevall <thorne@tornevall.net>
Date:   Tue Feb 10 20:29:45 2026 +0100

    Bugs with checkboxes fixed.

commit e4ff7508052e52b9de67654ab0d6c811a248fa71
Author: Tomas Tornevall <thorne@tornevall.net>
Date:   Tue Feb 10 20:08:52 2026 +0100

    Close #28

commit 34c8b65d7eb831f9fd3543a770bb926a5be84912
Author: Tomas Tornevall <thorne@tornevall.net>
Date:   Sun Nov 14 16:30:45 2021 +0100

    Minor css style update.

commit d23395db834ccb156ee9c595d68b007ba9aa8850
Author: Tomas Tornevall <thorne@tornevall.net>
Date:   Thu Nov 4 08:05:22 2021 +0100

    Fix #23.
    
    Single search results should open the current card automatically.
    ?q= replacing ?find=

commit d0d9e4b247900d14794e6963a784de6061d1fa4f
Author: Tomas Tornevall <thorne@tornevall.net>
Date:   Thu Oct 7 20:03:08 2021 +0200

    Fix #22.

commit 22f540d0323145401686cf78be69d0d87cc94a0c
Author: Tomas Tornevall <thorne@tornevall.net>
Date:   Thu Oct 7 19:57:22 2021 +0200

    Bottom URLs updated.

commit 6a79d24cfce649ce5a2e8a995a4b68b5bc1d0b5d
Author: Tomas Tornevall <thorne@tornevall.net>
Date:   Thu Oct 7 19:48:06 2021 +0200

    Fix #6.
    Now utilizing links, creating href on standard URLs. Generating embedded youtube videos on youtube-detection.

commit 018ce244179ea1a504ce3905c51b8ccfa8471e71
Merge: cdfad3f b6186f0
Author: Tomas Tornevall <thorne@tornevall.net>
Date:   Thu Oct 7 19:03:41 2021 +0200

    Merge pull request #20 from Tornevall/features/latest-19
    
    Fix #19.

commit b6186f0a85235c996e4585667e9179b1e22c2648
Author: Tomas Tornevall <thorne@tornevall.net>
Date:   Thu Oct 7 19:01:52 2021 +0200

    Fix #19.
    
    Controlling /latest responses.
    Also added errorhandler for all ajaxcalls so that we can see API failures (since I found out that I was throttled during the testing).

commit cdfad3f0bc7c445568c53f3ee7f1dc17b663a3f9
Author: Tomas Tornevall <thorne@tornevall.net>
Date:   Mon Oct 4 19:50:16 2021 +0200

    Updated docs, describing how we are requesting the API.

commit 6c1b4d27093567b0b80e708f51677717573ced34
Merge: 6a93326 d895fba
Author: Tomas Tornevall <thorne@tornevall.net>
Date:   Fri Oct 1 17:25:29 2021 +0200

    Merge pull request #16 from Tornevall/features/S01E01-11
    
    Fix #11.

commit d895fbab70d82990582aab99b214cac82183829c
Author: Tomas Tornevall <thorne@tornevall.net>
Date:   Fri Oct 1 17:25:05 2021 +0200

    Fix #11.

commit 6a933264c75a891c2509b985e4ab6bf4e0b16541
Author: Tomas Tornevall <thorne@tornevall.net>
Date:   Tue Sep 21 20:07:15 2021 +0200

    Phase is now visible.

commit 251267f206d998dd38015b27c0ba3c70e1aee18d
Author: Tomas Tornevall <thorne@tornevall.net>
Date:   Tue Sep 21 19:56:42 2021 +0200

    Inserted phase info before imdblink.

commit a5fb8247c389caa68e18c486353b74d4dabcde31
Author: Tomas Tornevall <thorne@tornevall.net>
Date:   Tue Sep 21 19:49:53 2021 +0200

    Fix #9
    
    Adds "phase" to the "cards" (they are not cards as defined in bootstrap) in search mode.

commit efcb122abdd723479d9e34f4fd929acd3aa2e45c
Author: Tomas Tornevall <thorne@tornevall.net>
Date:   Tue Sep 21 19:01:48 2021 +0200

    Minor adjustments.

commit 520d220ce6171286a91fa0a3057ae8ce70b81937
Author: Tomas Tornevall <thorne@tornevall.net>
Date:   Tue Sep 21 18:59:33 2021 +0200

    Fix #8
    
    Restructured legacy.

commit 2c8e7c4539883a7e25f9ab622be558c97326d4b5
Author: Tomas Tornevall <thorne@tornevall.net>
Date:   Tue Sep 21 13:15:25 2021 +0200

    Minor adjustments.

commit 9ddd0395e31f133323a619acd3c14fc071286501
Author: Tomas Tornevall <thorne@tornevall.net>
Date:   Tue Sep 21 13:11:43 2021 +0200

    Cleanup - Refactored file locations..

commit 62ddc413032e76e1522f054526101e377383b0cd
Author: Tomas Tornevall <thorne@tornevall.net>
Date:   Tue Sep 21 07:32:05 2021 +0200

    Fix #7
    
    Converting content of dataDownloaded to integer makes the last lost index disappear.

commit b4bd1354932497b112b00c0dd4b8543899ba3c0a
Author: Tomas Tornevall <thorne@tornevall.net>
Date:   Mon Sep 20 12:47:12 2021 +0200

    imdbLink rookie mistake patch.

commit d655ef24c9645d55b5e22a79f2f624fd9ec4af74
Author: Tomas Tornevall <thorne@tornevall.net>
Date:   Mon Sep 20 12:41:00 2021 +0200

    IMDB links should not be shown if empty.

commit e7ae873a4a1ace29c4a681ba3777a1d584f017cc
Merge: 84cbb90 bfcc038
Author: Tomas Tornevall <thorne@tornevall.net>
Date:   Mon Sep 20 12:06:48 2021 +0200

    Merge pull request #5 from Tornevall/fixes/speed-up-gh3
    
    Fix #3

commit bfcc03830545dcb068d07fb1a1102c4d43dd222e
Author: Tomas Tornevall <thorne@tornevall.net>
Date:   Mon Sep 20 12:06:14 2021 +0200

    Fix #3
    Speed up initial loading as the loader is sometimes for a reason slower than usual (probably due to data amount). This fixes several issues.
    
    Added finder field readonly color. The readonly mark will be removed as soon as all categories are loaded.
    Added spinner for secondary loader.
    Moved the last vars from index.html to js.
    Changed the behaviour of how data is loaded: First fetch categories from API which is done extremely fast. Then load each category into the prior page-memory setup.

commit 84cbb90525de0700ea570bbb435f7d48cace30ef
Merge: 9c25879 7aa08b1
Author: Tomas Tornevall <thorne@tornevall.net>
Date:   Mon Sep 20 10:24:25 2021 +0200

    Merge pull request #4 from Tornevall/fixes/getContentByFinder-gh1
    
    getContentByFinder is now considering search results first. Also, the…

commit 7aa08b12cf6a27527e56e826e5f80854ea2af746
Author: Tomas Tornevall <thorne@tornevall.net>
Date:   Mon Sep 20 10:23:56 2021 +0200

    getContentByFinder is now considering search results first. Also, the content merger is now not merging key indexes, it is recrating the arrays with movie/film content. Otherwise, the search function cannot search all items.
    
    Github #2
    Github #3

commit 9c258796492602c0e7d8eed8519eee19db96a0d9
Author: Tomas Tornevall <thorne@tornevall.net>
Date:   Sun Sep 19 12:07:11 2021 +0200

    Added keywords as a usable column.

commit 76be71bd4ba5eab2b35ae8a3a368bc8d2e332bba
Author: Tomas Tornevall <thorne@tornevall.net>
Date:   Sun Sep 19 10:48:33 2021 +0200

    Example url added to readme.

commit 70a5df5d7cb16f853b19cbf7d294a579e4a5d226
Author: Tomas Tornevall <thorne@tornevall.net>
Date:   Sun Sep 19 01:24:30 2021 +0200

    Readme inserted.

commit 3b810571d1a777eae67e26bb3b1d36c7b4473ff1
Author: Tomas Tornevall <thorne@tornevall.net>
Date:   Sun Sep 19 01:16:04 2021 +0200

    Current version at https://snapshot.earth616.org/ added.
